-------------------------------------------------------------------------------
Test set: it.polito.ai.lab3.Lab3ApplicationTests
-------------------------------------------------------------------------------
Tests run: 1, Failures: 0, Errors: 1, Skipped: 0, Time elapsed: 0.731 s <<< FAILURE! - in it.polito.ai.lab3.Lab3ApplicationTests
initializationError(it.polito.ai.lab3.Lab3ApplicationTests)  Time elapsed: 0.001 s  <<< ERROR!
java.lang.IllegalStateException: Unable to find a @SpringBootConfiguration, you need to use @ContextConfiguration or @SpringBootTest(classes=...) with your test

