<?xml version="1.0" encoding="UTF-8"?>
<testsuite xmlns:xsi="http://www.w3.org/2001/XMLSchema-instance" xsi:noNamespaceSchemaLocation="https://maven.apache.org/surefire/maven-surefire-plugin/xsd/surefire-test-report.xsd" name="it.polito.ai.lab3.Lab3ApplicationTests" time="0.731" tests="1" errors="1" skipped="0" failures="0">
  <properties>
[...]
</properties>
  <testcase name="initializationError" classname="it.polito.ai.lab3.Lab3ApplicationTests" time="0.001">
    <error message="Unable to find a @SpringBootConfiguration, you need to use @ContextConfiguration or @SpringBootTest(classes=...) with your test" type="java.lang.IllegalStateException">java.lang.IllegalStateException: Unable to find a @SpringBootConfiguration, you need to use @ContextConfiguration or @SpringBootTest(classes=...) with your test
</error>
    <system-out><![CDATA[13:07:03.493 [main] DEBUG org.springframework.test.context.junit4.SpringJUnit4ClassRunner - SpringJUnit4ClassRunner constructor called with [class it.polito.ai.lab3.Lab3ApplicationTests]
13:07:03.503 [main] DEBUG org.springframework.test.context.BootstrapUtils - Instantiating CacheAwareContextLoaderDelegate from class [org.springframework.test.context.cache.DefaultCacheAwareContextLoaderDelegate]
13:07:03.516 [main] DEBUG org.springframework.test.context.BootstrapUtils - Instantiating BootstrapContext using constructor [public org.springframework.test.context.support.DefaultBootstrapContext(java.lang.Class,org.springframework.test.context.CacheAwareContextLoaderDelegate)]
13:07:03.549 [main] DEBUG org.springframework.test.context.BootstrapUtils - Instantiating TestContextBootstrapper for test class [it.polito.ai.lab3.Lab3ApplicationTests] from class [org.springframework.boot.test.context.SpringBootTestContextBootstrapper]
13:07:03.579 [main] INFO org.springframework.boot.test.context.SpringBootTestContextBootstrapper - Neither @ContextConfiguration nor @ContextHierarchy found for test class [it.polito.ai.lab3.Lab3ApplicationTests], using SpringBootContextLoader
13:07:03.585 [main] DEBUG org.springframework.test.context.support.AbstractContextLoader - Did not detect default resource location for test class [it.polito.ai.lab3.Lab3ApplicationTests]: class path resource [it/polito/ai/lab3/Lab3ApplicationTests-context.xml] does not exist
13:07:03.586 [main] DEBUG org.springframework.test.context.support.AbstractContextLoader - Did not detect default resource location for test class [it.polito.ai.lab3.Lab3ApplicationTests]: class path resource [it/polito/ai/lab3/Lab3ApplicationTestsContext.groovy] does not exist
13:07:03.587 [main] INFO org.springframework.test.context.support.AbstractContextLoader - Could not detect default resource locations for test class [it.polito.ai.lab3.Lab3ApplicationTests]: no resource found for suffixes {-context.xml, Context.groovy}.
13:07:03.588 [main] INFO org.springframework.test.context.support.AnnotationConfigContextLoaderUtils - Could not detect default configuration classes for test class [it.polito.ai.lab3.Lab3ApplicationTests]: Lab3ApplicationTests does not declare any static, non-private, non-final, nested classes annotated with @Configuration.
13:07:03.661 [main] DEBUG org.springframework.test.context.support.ActiveProfilesUtils - Could not find an 'annotation declaring class' for annotation type [org.springframework.test.context.ActiveProfiles] and class [it.polito.ai.lab3.Lab3ApplicationTests]
13:07:03.672 [main] DEBUG org.springframework.core.env.StandardEnvironment - Adding PropertySource 'systemProperties' with lowest search precedence
13:07:03.673 [main] DEBUG org.springframework.core.env.StandardEnvironment - Adding PropertySource 'systemEnvironment' with lowest search precedence
13:07:03.673 [main] DEBUG org.springframework.core.env.StandardEnvironment - Initialized StandardEnvironment with PropertySources [MapPropertySource@124888672 {name='systemProperties', properties={gopherProxySet=false, awt.toolkit=sun.lwawt.macosx.LWCToolkit, java.specification.version=9, file.encoding.pkg=sun.io, sun.cpu.isalist=, sun.jnu.encoding=UTF-8, java.class.path=/Users/carloventrella/Documents/Politecnico/Applicationi Internet/project/server/target/test-classes:/Users/carloventrella/Documents/Politecnico/Applicationi Internet/project/server/target/classes:/Users/carloventrella/.m2/repository/org/springframework/boot/spring-boot-starter-data-mongodb/2.0.1.RELEASE/spring-boot-starter-data-mongodb-2.0.1.RELEASE.jar:/Users/carloventrella/.m2/repository/org/springframework/boot/spring-boot-starter/2.0.1.RELEASE/spring-boot-starter-2.0.1.RELEASE.jar:/Users/carloventrella/.m2/repository/org/springframework/boot/spring-boot-starter-logging/2.0.1.RELEASE/spring-boot-starter-logging-2.0.1.RELEASE.jar:/Users/carloventrella/.m2/repository/ch/qos/logback/logback-classic/1.2.3/logback-classic-1.2.3.jar:/Users/carloventrella/.m2/repository/ch/qos/logback/logback-core/1.2.3/logback-core-1.2.3.jar:/Users/carloventrella/.m2/repository/org/apache/logging/log4j/log4j-to-slf4j/2.10.0/log4j-to-slf4j-2.10.0.jar:/Users/carloventrella/.m2/repository/org/apache/logging/log4j/log4j-api/2.10.0/log4j-api-2.10.0.jar:/Users/carloventrella/.m2/repository/org/slf4j/jul-to-slf4j/1.7.25/jul-to-slf4j-1.7.25.jar:/Users/carloventrella/.m2/repository/javax/annotation/javax.annotation-api/1.3.2/javax.annotation-api-1.3.2.jar:/Users/carloventrella/.m2/repository/org/yaml/snakeyaml/1.19/snakeyaml-1.19.jar:/Users/carloventrella/.m2/repository/org/mongodb/mongodb-driver/3.6.3/mongodb-driver-3.6.3.jar:/Users/carloventrella/.m2/repository/org/mongodb/bson/3.6.3/bson-3.6.3.jar:/Users/carloventrella/.m2/repository/org/mongodb/mongodb-driver-core/3.6.3/mongodb-driver-core-3.6.3.jar:/Users/carloventrella/.m2/repository/org/springframework/data/spring-data-mongodb/2.0.6.RELEASE/spring-data-mongodb-2.0.6.RELEASE.jar:/Users/carloventrella/.m2/repository/org/springframework/spring-tx/5.0.5.RELEASE/spring-tx-5.0.5.RELEASE.jar:/Users/carloventrella/.m2/repository/org/springframework/spring-expression/5.0.5.RELEASE/spring-expression-5.0.5.RELEASE.jar:/Users/carloventrella/.m2/repository/org/springframework/data/spring-data-commons/2.0.6.RELEASE/spring-data-commons-2.0.6.RELEASE.jar:/Users/carloventrella/.m2/repository/org/slf4j/slf4j-api/1.7.25/slf4j-api-1.7.25.jar:/Users/carloventrella/.m2/repository/org/springframework/boot/spring-boot-starter-hateoas/2.0.1.RELEASE/spring-boot-starter-hateoas-2.0.1.RELEASE.jar:/Users/carloventrella/.m2/repository/org/springframework/hateoas/spring-hateoas/0.24.0.RELEASE/spring-hateoas-0.24.0.RELEASE.jar:/Users/carloventrella/.m2/repository/org/springframework/plugin/spring-plugin-core/1.2.0.RELEASE/spring-plugin-core-1.2.0.RELEASE.jar:/Users/carloventrella/.m2/repository/org/springframework/boot/spring-boot-starter-security/2.0.1.RELEASE/spring-boot-starter-security-2.0.1.RELEASE.jar:/Users/carloventrella/.m2/repository/org/springframework/spring-aop/5.0.5.RELEASE/spring-aop-5.0.5.RELEASE.jar:/Users/carloventrella/.m2/repository/org/springframework/security/spring-security-config/5.0.4.RELEASE/spring-security-config-5.0.4.RELEASE.jar:/Users/carloventrella/.m2/repository/org/springframework/security/spring-security-web/5.0.4.RELEASE/spring-security-web-5.0.4.RELEASE.jar:/Users/carloventrella/.m2/repository/org/springframework/boot/spring-boot-starter-web/2.0.1.RELEASE/spring-boot-starter-web-2.0.1.RELEASE.jar:/Users/carloventrella/.m2/repository/org/springframework/boot/spring-boot-starter-json/2.0.1.RELEASE/spring-boot-starter-json-2.0.1.RELEASE.jar:/Users/carloventrella/.m2/repository/com/fasterxml/jackson/core/jackson-databind/2.9.5/jackson-databind-2.9.5.jar:/Users/carloventrella/.m2/repository/com/fasterxml/jackson/core/jackson-core/2.9.5/jackson-core-2.9.5.jar:/Users/carloventrella/.m2/repository/com/fasterxml/jackson/datatype/jackson-datatype-jdk8/2.9.5/jackson-datatype-jdk8-2.9.5.jar:/Users/carloventrella/.m2/repository/com/fasterxml/jackson/datatype/jackson-datatype-jsr310/2.9.5/jackson-datatype-jsr310-2.9.5.jar:/Users/carloventrella/.m2/repository/com/fasterxml/jackson/module/jackson-module-parameter-names/2.9.5/jackson-module-parameter-names-2.9.5.jar:/Users/carloventrella/.m2/repository/org/springframework/boot/spring-boot-starter-tomcat/2.0.1.RELEASE/spring-boot-starter-tomcat-2.0.1.RELEASE.jar:/Users/carloventrella/.m2/repository/org/apache/tomcat/embed/tomcat-embed-core/8.5.29/tomcat-embed-core-8.5.29.jar:/Users/carloventrella/.m2/repository/org/apache/tomcat/embed/tomcat-embed-el/8.5.29/tomcat-embed-el-8.5.29.jar:/Users/carloventrella/.m2/repository/org/apache/tomcat/embed/tomcat-embed-websocket/8.5.29/tomcat-embed-websocket-8.5.29.jar:/Users/carloventrella/.m2/repository/org/hibernate/validator/hibernate-validator/6.0.9.Final/hibernate-validator-6.0.9.Final.jar:/Users/carloventrella/.m2/repository/javax/validation/validation-api/2.0.1.Final/validation-api-2.0.1.Final.jar:/Users/carloventrella/.m2/repository/com/fasterxml/classmate/1.3.4/classmate-1.3.4.jar:/Users/carloventrella/.m2/repository/org/springframework/spring-web/5.0.5.RELEASE/spring-web-5.0.5.RELEASE.jar:/Users/carloventrella/.m2/repository/org/springframework/spring-webmvc/5.0.5.RELEASE/spring-webmvc-5.0.5.RELEASE.jar:/Users/carloventrella/.m2/repository/org/springframework/boot/spring-boot-devtools/2.0.1.RELEASE/spring-boot-devtools-2.0.1.RELEASE.jar:/Users/carloventrella/.m2/repository/org/springframework/boot/spring-boot/2.0.1.RELEASE/spring-boot-2.0.1.RELEASE.jar:/Users/carloventrella/.m2/repository/org/springframework/boot/spring-boot-autoconfigure/2.0.1.RELEASE/spring-boot-autoconfigure-2.0.1.RELEASE.jar:/Users/carloventrella/.m2/repository/org/springframework/boot/spring-boot-starter-test/2.0.1.RELEASE/spring-boot-starter-test-2.0.1.RELEASE.jar:/Users/carloventrella/.m2/repository/org/springframework/boot/spring-boot-test/2.0.1.RELEASE/spring-boot-test-2.0.1.RELEASE.jar:/Users/carloventrella/.m2/repository/org/springframework/boot/spring-boot-test-autoconfigure/2.0.1.RELEASE/spring-boot-test-autoconfigure-2.0.1.RELEASE.jar:/Users/carloventrella/.m2/repository/com/jayway/jsonpath/json-path/2.4.0/json-path-2.4.0.jar:/Users/carloventrella/.m2/repository/net/minidev/json-smart/2.3/json-smart-2.3.jar:/Users/carloventrella/.m2/repository/net/minidev/accessors-smart/1.2/accessors-smart-1.2.jar:/Users/carloventrella/.m2/repository/org/ow2/asm/asm/5.0.4/asm-5.0.4.jar:/Users/carloventrella/.m2/repository/junit/junit/4.12/junit-4.12.jar:/Users/carloventrella/.m2/repository/org/assertj/assertj-core/3.9.1/assertj-core-3.9.1.jar:/Users/carloventrella/.m2/repository/org/mockito/mockito-core/2.15.0/mockito-core-2.15.0.jar:/Users/carloventrella/.m2/repository/net/bytebuddy/byte-buddy/1.7.11/byte-buddy-1.7.11.jar:/Users/carloventrella/.m2/repository/net/bytebuddy/byte-buddy-agent/1.7.11/byte-buddy-agent-1.7.11.jar:/Users/carloventrella/.m2/repository/org/objenesis/objenesis/2.6/objenesis-2.6.jar:/Users/carloventrella/.m2/repository/org/hamcrest/hamcrest-core/1.3/hamcrest-core-1.3.jar:/Users/carloventrella/.m2/repository/org/hamcrest/hamcrest-library/1.3/hamcrest-library-1.3.jar:/Users/carloventrella/.m2/repository/org/skyscreamer/jsonassert/1.5.0/jsonassert-1.5.0.jar:/Users/carloventrella/.m2/repository/com/vaadin/external/google/android-json/0.0.20131108.vaadin1/android-json-0.0.20131108.vaadin1.jar:/Users/carloventrella/.m2/repository/org/springframework/spring-core/5.0.5.RELEASE/spring-core-5.0.5.RELEASE.jar:/Users/carloventrella/.m2/repository/org/springframework/spring-jcl/5.0.5.RELEASE/spring-jcl-5.0.5.RELEASE.jar:/Users/carloventrella/.m2/repository/org/springframework/spring-test/5.0.5.RELEASE/spring-test-5.0.5.RELEASE.jar:/Users/carloventrella/.m2/repository/org/xmlunit/xmlunit-core/2.5.1/xmlunit-core-2.5.1.jar:/Users/carloventrella/.m2/repository/org/springframework/security/spring-security-test/5.0.4.RELEASE/spring-security-test-5.0.4.RELEASE.jar:/Users/carloventrella/.m2/repository/org/springframework/security/spring-security-core/5.0.4.RELEASE/spring-security-core-5.0.4.RELEASE.jar:/Users/carloventrella/.m2/repository/org/springframework/security/oauth/spring-security-oauth2/2.3.2.RELEASE/spring-security-oauth2-2.3.2.RELEASE.jar:/Users/carloventrella/.m2/repository/org/springframework/spring-beans/5.0.5.RELEASE/spring-beans-5.0.5.RELEASE.jar:/Users/carloventrella/.m2/repository/org/springframework/spring-context/5.0.5.RELEASE/spring-context-5.0.5.RELEASE.jar:/Users/carloventrella/.m2/repository/commons-codec/commons-codec/1.11/commons-codec-1.11.jar:/Users/carloventrella/.m2/repository/org/codehaus/jackson/jackson-mapper-asl/1.9.13/jackson-mapper-asl-1.9.13.jar:/Users/carloventrella/.m2/repository/org/codehaus/jackson/jackson-core-asl/1.9.13/jackson-core-asl-1.9.13.jar:/Users/carloventrella/.m2/repository/org/springframework/security/spring-security-jwt/1.0.9.RELEASE/spring-security-jwt-1.0.9.RELEASE.jar:/Users/carloventrella/.m2/repository/org/bouncycastle/bcpkix-jdk15on/1.56/bcpkix-jdk15on-1.56.jar:/Users/carloventrella/.m2/repository/org/bouncycastle/bcprov-jdk15on/1.56/bcprov-jdk15on-1.56.jar:/Users/carloventrella/.m2/repository/org/hibernate/hibernate-core/4.2.6.Final/hibernate-core-4.2.6.Final.jar:/Users/carloventrella/.m2/repository/antlr/antlr/2.7.7/antlr-2.7.7.jar:/Users/carloventrella/.m2/repository/org/jboss/logging/jboss-logging/3.3.2.Final/jboss-logging-3.3.2.Final.jar:/Users/carloventrella/.m2/repository/dom4j/dom4j/1.6.1/dom4j-1.6.1.jar:/Users/carloventrella/.m2/repository/org/jboss/spec/javax/transaction/jboss-transaction-api_1.1_spec/1.0.1.Final/jboss-transaction-api_1.1_spec-1.0.1.Final.jar:/Users/carloventrella/.m2/repository/org/hibernate/javax/persistence/hibernate-jpa-2.0-api/1.0.1.Final/hibernate-jpa-2.0-api-1.0.1.Final.jar:/Users/carloventrella/.m2/repository/org/hibernate/common/hibernate-commons-annotations/4.0.2.Final/hibernate-commons-annotations-4.0.2.Final.jar:/Users/carloventrella/.m2/repository/org/javassist/javassist/3.15.0-GA/javassist-3.15.0-GA.jar:/Users/carloventrella/.m2/repository/com/sun/xml/bind/jaxb-core/2.3.0/jaxb-core-2.3.0.jar:/Users/carloventrella/.m2/repository/com/sun/xml/bind/jaxb-impl/2.3.0/jaxb-impl-2.3.0.jar:/Users/carloventrella/.m2/repository/javax/xml/bind/jaxb-api/2.3.0/jaxb-api-2.3.0.jar:/Users/carloventrella/.m2/repository/com/sun/activation/javax.activation/1.2.0/javax.activation-1.2.0.jar:/Users/carloventrella/.m2/repository/org/springframework/boot/spring-boot-starter-data-rest/2.0.1.RELEASE/spring-boot-starter-data-rest-2.0.1.RELEASE.jar:/Users/carloventrella/.m2/repository/org/springframework/data/spring-data-rest-webmvc/3.0.6.RELEASE/spring-data-rest-webmvc-3.0.6.RELEASE.jar:/Users/carloventrella/.m2/repository/org/springframework/data/spring-data-rest-core/3.0.6.RELEASE/spring-data-rest-core-3.0.6.RELEASE.jar:/Users/carloventrella/.m2/repository/org/atteo/evo-inflector/1.2.2/evo-inflector-1.2.2.jar:/Users/carloventrella/.m2/repository/com/fasterxml/jackson/core/jackson-annotations/2.9.0/jackson-annotations-2.9.0.jar:, java.vm.vendor=Oracle Corporation, sun.arch.data.model=64, java.vendor.url=http://java.oracle.com/, user.timezone=Europe/Rome, os.name=Mac OS X, java.vm.specification.version=9, sun.java.launcher=SUN_STANDARD, user.country=IT, sun.boot.library.path=/Library/Java/JavaVirtualMachines/jdk-9.0.4.jdk/Contents/Home/lib, sun.java.command=/Users/carloventrella/Documents/Politecnico/Applicationi Internet/project/server/target/surefire/surefirebooter4345329054752290224.jar /Users/carloventrella/Documents/Politecnico/Applicationi Internet/project/server/target/surefire 2018-07-16T13-06-36_597-jvmRun1 surefire3909503114002175063tmp surefire_06221821478371838832tmp, jdk.debug=release, surefire.test.class.path=/Users/carloventrella/Documents/Politecnico/Applicationi Internet/project/server/target/test-classes:/Users/carloventrella/Documents/Politecnico/Applicationi Internet/project/server/target/classes:/Users/carloventrella/.m2/repository/org/springframework/boot/spring-boot-starter-data-mongodb/2.0.1.RELEASE/spring-boot-starter-data-mongodb-2.0.1.RELEASE.jar:/Users/carloventrella/.m2/repository/org/springframework/boot/spring-boot-starter/2.0.1.RELEASE/spring-boot-starter-2.0.1.RELEASE.jar:/Users/carloventrella/.m2/repository/org/springframework/boot/spring-boot-starter-logging/2.0.1.RELEASE/spring-boot-starter-logging-2.0.1.RELEASE.jar:/Users/carloventrella/.m2/repository/ch/qos/logback/logback-classic/1.2.3/logback-classic-1.2.3.jar:/Users/carloventrella/.m2/repository/ch/qos/logback/logback-core/1.2.3/logback-core-1.2.3.jar:/Users/carloventrella/.m2/repository/org/apache/logging/log4j/log4j-to-slf4j/2.10.0/log4j-to-slf4j-2.10.0.jar:/Users/carloventrella/.m2/repository/org/apache/logging/log4j/log4j-api/2.10.0/log4j-api-2.10.0.jar:/Users/carloventrella/.m2/repository/org/slf4j/jul-to-slf4j/1.7.25/jul-to-slf4j-1.7.25.jar:/Users/carloventrella/.m2/repository/javax/annotation/javax.annotation-api/1.3.2/javax.annotation-api-1.3.2.jar:/Users/carloventrella/.m2/repository/org/yaml/snakeyaml/1.19/snakeyaml-1.19.jar:/Users/carloventrella/.m2/repository/org/mongodb/mongodb-driver/3.6.3/mongodb-driver-3.6.3.jar:/Users/carloventrella/.m2/repository/org/mongodb/bson/3.6.3/bson-3.6.3.jar:/Users/carloventrella/.m2/repository/org/mongodb/mongodb-driver-core/3.6.3/mongodb-driver-core-3.6.3.jar:/Users/carloventrella/.m2/repository/org/springframework/data/spring-data-mongodb/2.0.6.RELEASE/spring-data-mongodb-2.0.6.RELEASE.jar:/Users/carloventrella/.m2/repository/org/springframework/spring-tx/5.0.5.RELEASE/spring-tx-5.0.5.RELEASE.jar:/Users/carloventrella/.m2/repository/org/springframework/spring-expression/5.0.5.RELEASE/spring-expression-5.0.5.RELEASE.jar:/Users/carloventrella/.m2/repository/org/springframework/data/spring-data-commons/2.0.6.RELEASE/spring-data-commons-2.0.6.RELEASE.jar:/Users/carloventrella/.m2/repository/org/slf4j/slf4j-api/1.7.25/slf4j-api-1.7.25.jar:/Users/carloventrella/.m2/repository/org/springframework/boot/spring-boot-starter-hateoas/2.0.1.RELEASE/spring-boot-starter-hateoas-2.0.1.RELEASE.jar:/Users/carloventrella/.m2/repository/org/springframework/hateoas/spring-hateoas/0.24.0.RELEASE/spring-hateoas-0.24.0.RELEASE.jar:/Users/carloventrella/.m2/repository/org/springframework/plugin/spring-plugin-core/1.2.0.RELEASE/spring-plugin-core-1.2.0.RELEASE.jar:/Users/carloventrella/.m2/repository/org/springframework/boot/spring-boot-starter-security/2.0.1.RELEASE/spring-boot-starter-security-2.0.1.RELEASE.jar:/Users/carloventrella/.m2/repository/org/springframework/spring-aop/5.0.5.RELEASE/spring-aop-5.0.5.RELEASE.jar:/Users/carloventrella/.m2/repository/org/springframework/security/spring-security-config/5.0.4.RELEASE/spring-security-config-5.0.4.RELEASE.jar:/Users/carloventrella/.m2/repository/org/springframework/security/spring-security-web/5.0.4.RELEASE/spring-security-web-5.0.4.RELEASE.jar:/Users/carloventrella/.m2/repository/org/springframework/boot/spring-boot-starter-web/2.0.1.RELEASE/spring-boot-starter-web-2.0.1.RELEASE.jar:/Users/carloventrella/.m2/repository/org/springframework/boot/spring-boot-starter-json/2.0.1.RELEASE/spring-boot-starter-json-2.0.1.RELEASE.jar:/Users/carloventrella/.m2/repository/com/fasterxml/jackson/core/jackson-databind/2.9.5/jackson-databind-2.9.5.jar:/Users/carloventrella/.m2/repository/com/fasterxml/jackson/core/jackson-core/2.9.5/jackson-core-2.9.5.jar:/Users/carloventrella/.m2/repository/com/fasterxml/jackson/datatype/jackson-datatype-jdk8/2.9.5/jackson-datatype-jdk8-2.9.5.jar:/Users/carloventrella/.m2/repository/com/fasterxml/jackson/datatype/jackson-datatype-jsr310/2.9.5/jackson-datatype-jsr310-2.9.5.jar:/Users/carloventrella/.m2/repository/com/fasterxml/jackson/module/jackson-module-parameter-names/2.9.5/jackson-module-parameter-names-2.9.5.jar:/Users/carloventrella/.m2/repository/org/springframework/boot/spring-boot-starter-tomcat/2.0.1.RELEASE/spring-boot-starter-tomcat-2.0.1.RELEASE.jar:/Users/carloventrella/.m2/repository/org/apache/tomcat/embed/tomcat-embed-core/8.5.29/tomcat-embed-core-8.5.29.jar:/Users/carloventrella/.m2/repository/org/apache/tomcat/embed/tomcat-embed-el/8.5.29/tomcat-embed-el-8.5.29.jar:/Users/carloventrella/.m2/repository/org/apache/tomcat/embed/tomcat-embed-websocket/8.5.29/tomcat-embed-websocket-8.5.29.jar:/Users/carloventrella/.m2/repository/org/hibernate/validator/hibernate-validator/6.0.9.Final/hibernate-validator-6.0.9.Final.jar:/Users/carloventrella/.m2/repository/javax/validation/validation-api/2.0.1.Final/validation-api-2.0.1.Final.jar:/Users/carloventrella/.m2/repository/com/fasterxml/classmate/1.3.4/classmate-1.3.4.jar:/Users/carloventrella/.m2/repository/org/springframework/spring-web/5.0.5.RELEASE/spring-web-5.0.5.RELEASE.jar:/Users/carloventrella/.m2/repository/org/springframework/spring-webmvc/5.0.5.RELEASE/spring-webmvc-5.0.5.RELEASE.jar:/Users/carloventrella/.m2/repository/org/springframework/boot/spring-boot-devtools/2.0.1.RELEASE/spring-boot-devtools-2.0.1.RELEASE.jar:/Users/carloventrella/.m2/repository/org/springframework/boot/spring-boot/2.0.1.RELEASE/spring-boot-2.0.1.RELEASE.jar:/Users/carloventrella/.m2/repository/org/springframework/boot/spring-boot-autoconfigure/2.0.1.RELEASE/spring-boot-autoconfigure-2.0.1.RELEASE.jar:/Users/carloventrella/.m2/repository/org/springframework/boot/spring-boot-starter-test/2.0.1.RELEASE/spring-boot-starter-test-2.0.1.RELEASE.jar:/Users/carloventrella/.m2/repository/org/springframework/boot/spring-boot-test/2.0.1.RELEASE/spring-boot-test-2.0.1.RELEASE.jar:/Users/carloventrella/.m2/repository/org/springframework/boot/spring-boot-test-autoconfigure/2.0.1.RELEASE/spring-boot-test-autoconfigure-2.0.1.RELEASE.jar:/Users/carloventrella/.m2/repository/com/jayway/jsonpath/json-path/2.4.0/json-path-2.4.0.jar:/Users/carloventrella/.m2/repository/net/minidev/json-smart/2.3/json-smart-2.3.jar:/Users/carloventrella/.m2/repository/net/minidev/accessors-smart/1.2/accessors-smart-1.2.jar:/Users/carloventrella/.m2/repository/org/ow2/asm/asm/5.0.4/asm-5.0.4.jar:/Users/carloventrella/.m2/repository/junit/junit/4.12/junit-4.12.jar:/Users/carloventrella/.m2/repository/org/assertj/assertj-core/3.9.1/assertj-core-3.9.1.jar:/Users/carloventrella/.m2/repository/org/mockito/mockito-core/2.15.0/mockito-core-2.15.0.jar:/Users/carloventrella/.m2/repository/net/bytebuddy/byte-buddy/1.7.11/byte-buddy-1.7.11.jar:/Users/carloventrella/.m2/repository/net/bytebuddy/byte-buddy-agent/1.7.11/byte-buddy-agent-1.7.11.jar:/Users/carloventrella/.m2/repository/org/objenesis/objenesis/2.6/objenesis-2.6.jar:/Users/carloventrella/.m2/repository/org/hamcrest/hamcrest-core/1.3/hamcrest-core-1.3.jar:/Users/carloventrella/.m2/repository/org/hamcrest/hamcrest-library/1.3/hamcrest-library-1.3.jar:/Users/carloventrella/.m2/repository/org/skyscreamer/jsonassert/1.5.0/jsonassert-1.5.0.jar:/Users/carloventrella/.m2/repository/com/vaadin/external/google/android-json/0.0.20131108.vaadin1/android-json-0.0.20131108.vaadin1.jar:/Users/carloventrella/.m2/repository/org/springframework/spring-core/5.0.5.RELEASE/spring-core-5.0.5.RELEASE.jar:/Users/carloventrella/.m2/repository/org/springframework/spring-jcl/5.0.5.RELEASE/spring-jcl-5.0.5.RELEASE.jar:/Users/carloventrella/.m2/repository/org/springframework/spring-test/5.0.5.RELEASE/spring-test-5.0.5.RELEASE.jar:/Users/carloventrella/.m2/repository/org/xmlunit/xmlunit-core/2.5.1/xmlunit-core-2.5.1.jar:/Users/carloventrella/.m2/repository/org/springframework/security/spring-security-test/5.0.4.RELEASE/spring-security-test-5.0.4.RELEASE.jar:/Users/carloventrella/.m2/repository/org/springframework/security/spring-security-core/5.0.4.RELEASE/spring-security-core-5.0.4.RELEASE.jar:/Users/carloventrella/.m2/repository/org/springframework/security/oauth/spring-security-oauth2/2.3.2.RELEASE/spring-security-oauth2-2.3.2.RELEASE.jar:/Users/carloventrella/.m2/repository/org/springframework/spring-beans/5.0.5.RELEASE/spring-beans-5.0.5.RELEASE.jar:/Users/carloventrella/.m2/repository/org/springframework/spring-context/5.0.5.RELEASE/spring-context-5.0.5.RELEASE.jar:/Users/carloventrella/.m2/repository/commons-codec/commons-codec/1.11/commons-codec-1.11.jar:/Users/carloventrella/.m2/repository/org/codehaus/jackson/jackson-mapper-asl/1.9.13/jackson-mapper-asl-1.9.13.jar:/Users/carloventrella/.m2/repository/org/codehaus/jackson/jackson-core-asl/1.9.13/jackson-core-asl-1.9.13.jar:/Users/carloventrella/.m2/repository/org/springframework/security/spring-security-jwt/1.0.9.RELEASE/spring-security-jwt-1.0.9.RELEASE.jar:/Users/carloventrella/.m2/repository/org/bouncycastle/bcpkix-jdk15on/1.56/bcpkix-jdk15on-1.56.jar:/Users/carloventrella/.m2/repository/org/bouncycastle/bcprov-jdk15on/1.56/bcprov-jdk15on-1.56.jar:/Users/carloventrella/.m2/repository/org/hibernate/hibernate-core/4.2.6.Final/hibernate-core-4.2.6.Final.jar:/Users/carloventrella/.m2/repository/antlr/antlr/2.7.7/antlr-2.7.7.jar:/Users/carloventrella/.m2/repository/org/jboss/logging/jboss-logging/3.3.2.Final/jboss-logging-3.3.2.Final.jar:/Users/carloventrella/.m2/repository/dom4j/dom4j/1.6.1/dom4j-1.6.1.jar:/Users/carloventrella/.m2/repository/org/jboss/spec/javax/transaction/jboss-transaction-api_1.1_spec/1.0.1.Final/jboss-transaction-api_1.1_spec-1.0.1.Final.jar:/Users/carloventrella/.m2/repository/org/hibernate/javax/persistence/hibernate-jpa-2.0-api/1.0.1.Final/hibernate-jpa-2.0-api-1.0.1.Final.jar:/Users/carloventrella/.m2/repository/org/hibernate/common/hibernate-commons-annotations/4.0.2.Final/hibernate-commons-annotations-4.0.2.Final.jar:/Users/carloventrella/.m2/repository/org/javassist/javassist/3.15.0-GA/javassist-3.15.0-GA.jar:/Users/carloventrella/.m2/repository/com/sun/xml/bind/jaxb-core/2.3.0/jaxb-core-2.3.0.jar:/Users/carloventrella/.m2/repository/com/sun/xml/bind/jaxb-impl/2.3.0/jaxb-impl-2.3.0.jar:/Users/carloventrella/.m2/repository/javax/xml/bind/jaxb-api/2.3.0/jaxb-api-2.3.0.jar:/Users/carloventrella/.m2/repository/com/sun/activation/javax.activation/1.2.0/javax.activation-1.2.0.jar:/Users/carloventrella/.m2/repository/org/springframework/boot/spring-boot-starter-data-rest/2.0.1.RELEASE/spring-boot-starter-data-rest-2.0.1.RELEASE.jar:/Users/carloventrella/.m2/repository/org/springframework/data/spring-data-rest-webmvc/3.0.6.RELEASE/spring-data-rest-webmvc-3.0.6.RELEASE.jar:/Users/carloventrella/.m2/repository/org/springframework/data/spring-data-rest-core/3.0.6.RELEASE/spring-data-rest-core-3.0.6.RELEASE.jar:/Users/carloventrella/.m2/repository/org/atteo/evo-inflector/1.2.2/evo-inflector-1.2.2.jar:/Users/carloventrella/.m2/repository/com/fasterxml/jackson/core/jackson-annotations/2.9.0/jackson-annotations-2.9.0.jar:, sun.cpu.endian=little, user.home=/Users/carloventrella, user.language=it, java.specification.vendor=Oracle Corporation, java.home=/Library/Java/JavaVirtualMachines/jdk-9.0.4.jdk/Contents/Home, file.separator=/, basedir=/Users/carloventrella/Documents/Politecnico/Applicationi Internet/project/server, java.vm.compressedOopsMode=Zero based, line.separator=
, java.vm.specification.vendor=Oracle Corporation, java.specification.name=Java Platform API Specification, java.awt.graphicsenv=sun.awt.CGraphicsEnvironment, surefire.real.class.path=/Users/carloventrella/Documents/Politecnico/Applicationi Internet/project/server/target/surefire/surefirebooter4345329054752290224.jar, sun.management.compiler=HotSpot 64-Bit Tiered Compilers, java.runtime.version=9.0.4+11, user.name=carloventrella, path.separator=:, os.version=10.13.3, java.runtime.name=Java(TM) SE Runtime Environment, file.encoding=UTF-8, java.vm.name=Java HotSpot(TM) 64-Bit Server VM, localRepository=/Users/carloventrella/.m2/repository, java.vendor.url.bug=http://bugreport.java.com/bugreport/, java.io.tmpdir=/var/folders/4n/v4_qn4x142dgbbfx8qr06v340000gn/T/, java.version=9.0.4, user.dir=/Users/carloventrella/Documents/Politecnico/Applicationi Internet/project/server, os.arch=x86_64, java.vm.specification.name=Java Virtual Machine Specification, java.awt.printerjob=sun.lwawt.macosx.CPrinterJob, user.language.format=en, sun.os.patch.level=unknown, java.library.path=/Users/carloventrella/Library/Java/Extensions:/Library/Java/Extensions:/Network/Library/Java/Extensions:/System/Library/Java/Extensions:/usr/lib/java:., java.vm.info=mixed mode, java.vendor=Oracle Corporation, java.vm.version=9.0.4+11, sun.io.unicode.encoding=UnicodeBig, java.class.version=53.0}}, SystemEnvironmentPropertySource@760357227 {name='systemEnvironment', properties={PATH=/usr/local/bin:/usr/bin:/bin:/usr/sbin:/sbin:/Library/TeX/texbin:/opt/X11/bin:/Users/carloventrella/anaconda3/bin, JAVA_MAIN_CLASS_55361=org.apache.maven.wrapper.MavenWrapperMain, JAVA_HOME=/Library/Java/JavaVirtualMachines/jdk-9.0.4.jdk/Contents/Home, TERM=xterm-256color, LANG=it_IT.UTF-8, COMMAND_MODE=unix2003, DISPLAY=/private/tmp/com.apple.launchd.J6OdGMKIYL/org.macosforge.xquartz:0, ITERM_SESSION_ID=w1t0p0:BC728F7B-2A33-4E09-A189-105162C249D1, COLORTERM=truecolor, LOGNAME=carloventrella, XPC_SERVICE_NAME=0, PWD=/Users/carloventrella/Documents/Politecnico/Applicationi Internet/project/server, TERM_PROGRAM_VERSION=3.1.7, _=/Library/Java/JavaVirtualMachines/jdk-9.0.4.jdk/Contents/Home/bin/java, SHELL=/bin/zsh, TERM_PROGRAM=iTerm.app, PAGER=less, LSCOLORS=Gxfxcxdxbxegedabagacad, MAVEN_PROJECTBASEDIR=/Users/carloventrella/Documents/Politecnico/Applicationi Internet/project/server, OLDPWD=/Users/carloventrella/Documents/Politecnico/Applicationi Internet/project/server, SECURITYSESSIONID=186a8, USER=carloventrella, ZSH=/Users/carloventrella/.oh-my-zsh, ITERM_PROFILE=osx, TMPDIR=/var/folders/4n/v4_qn4x142dgbbfx8qr06v340000gn/T/, SSH_AUTH_SOCK=/private/tmp/com.apple.launchd.d14yfaF12k/Listeners, XPC_FLAGS=0x0, TERM_SESSION_ID=w1t0p0:BC728F7B-2A33-4E09-A189-105162C249D1, JAVA_MAIN_CLASS_55408=org.apache.maven.surefire.booter.ForkedBooter, __CF_USER_TEXT_ENCODING=0x1F5:0x0:0x4, Apple_PubSub_Socket_Render=/private/tmp/com.apple.launchd.1xkRj7gZ3p/Render, LESS=-R, LC_CTYPE=it_IT.UTF-8, COLORFGBG=15;0, HOME=/Users/carloventrella, SHLVL=2}}]
13:07:03.707 [main] DEBUG org.springframework.core.io.support.PathMatchingResourcePatternResolver - Resolved classpath location [it/polito/ai/lab3/] to resources [URL [file:/Users/carloventrella/Documents/Politecnico/Applicationi%20Internet/project/server/target/test-classes/it/polito/ai/lab3/]]
13:07:03.708 [main] DEBUG org.springframework.core.io.support.PathMatchingResourcePatternResolver - Looking for matching resources in directory tree [/Users/carloventrella/Documents/Politecnico/Applicationi Internet/project/server/target/test-classes/it/polito/ai/lab3]
13:07:03.708 [main] DEBUG org.springframework.core.io.support.PathMatchingResourcePatternResolver - Searching directory [/Users/carloventrella/Documents/Politecnico/Applicationi Internet/project/server/target/test-classes/it/polito/ai/lab3] for files matching pattern [/Users/carloventrella/Documents/Politecnico/Applicationi Internet/project/server/target/test-classes/it/polito/ai/lab3/*.class]
13:07:03.714 [main] DEBUG org.springframework.core.io.support.PathMatchingResourcePatternResolver - Resolved location pattern [classpath*:it/polito/ai/lab3/*.class] to resources [file [/Users/carloventrella/Documents/Politecnico/Applicationi Internet/project/server/target/test-classes/it/polito/ai/lab3/Lab3ApplicationTests.class]]
13:07:03.759 [main] DEBUG org.springframework.core.io.support.PathMatchingResourcePatternResolver - Resolved classpath location [it/polito/ai/] to resources [URL [file:/Users/carloventrella/Documents/Politecnico/Applicationi%20Internet/project/server/target/test-classes/it/polito/ai/], URL [file:/Users/carloventrella/Documents/Politecnico/Applicationi%20Internet/project/server/target/classes/it/polito/ai/]]
13:07:03.759 [main] DEBUG org.springframework.core.io.support.PathMatchingResourcePatternResolver - Looking for matching resources in directory tree [/Users/carloventrella/Documents/Politecnico/Applicationi Internet/project/server/target/test-classes/it/polito/ai]
13:07:03.759 [main] DEBUG org.springframework.core.io.support.PathMatchingResourcePatternResolver - Searching directory [/Users/carloventrella/Documents/Politecnico/Applicationi Internet/project/server/target/test-classes/it/polito/ai] for files matching pattern [/Users/carloventrella/Documents/Politecnico/Applicationi Internet/project/server/target/test-classes/it/polito/ai/*.class]
13:07:03.760 [main] DEBUG org.springframework.core.io.support.PathMatchingResourcePatternResolver - Looking for matching resources in directory tree [/Users/carloventrella/Documents/Politecnico/Applicationi Internet/project/server/target/classes/it/polito/ai]
13:07:03.760 [main] DEBUG org.springframework.core.io.support.PathMatchingResourcePatternResolver - Searching directory [/Users/carloventrella/Documents/Politecnico/Applicationi Internet/project/server/target/classes/it/polito/ai] for files matching pattern [/Users/carloventrella/Documents/Politecnico/Applicationi Internet/project/server/target/classes/it/polito/ai/*.class]
13:07:03.760 [main] DEBUG org.springframework.core.io.support.PathMatchingResourcePatternResolver - Resolved location pattern [classpath*:it/polito/ai/*.class] to resources []
13:07:03.761 [main] DEBUG org.springframework.core.io.support.PathMatchingResourcePatternResolver - Resolved classpath location [it/polito/] to resources [URL [file:/Users/carloventrella/Documents/Politecnico/Applicationi%20Internet/project/server/target/test-classes/it/polito/], URL [file:/Users/carloventrella/Documents/Politecnico/Applicationi%20Internet/project/server/target/classes/it/polito/]]
13:07:03.762 [main] DEBUG org.springframework.core.io.support.PathMatchingResourcePatternResolver - Looking for matching resources in directory tree [/Users/carloventrella/Documents/Politecnico/Applicationi Internet/project/server/target/test-classes/it/polito]
13:07:03.762 [main] DEBUG org.springframework.core.io.support.PathMatchingResourcePatternResolver - Searching directory [/Users/carloventrella/Documents/Politecnico/Applicationi Internet/project/server/target/test-classes/it/polito] for files matching pattern [/Users/carloventrella/Documents/Politecnico/Applicationi Internet/project/server/target/test-classes/it/polito/*.class]
13:07:03.763 [main] DEBUG org.springframework.core.io.support.PathMatchingResourcePatternResolver - Looking for matching resources in directory tree [/Users/carloventrella/Documents/Politecnico/Applicationi Internet/project/server/target/classes/it/polito]
13:07:03.763 [main] DEBUG org.springframework.core.io.support.PathMatchingResourcePatternResolver - Searching directory [/Users/carloventrella/Documents/Politecnico/Applicationi Internet/project/server/target/classes/it/polito] for files matching pattern [/Users/carloventrella/Documents/Politecnico/Applicationi Internet/project/server/target/classes/it/polito/*.class]
13:07:03.764 [main] DEBUG org.springframework.core.io.support.PathMatchingResourcePatternResolver - Resolved location pattern [classpath*:it/polito/*.class] to resources []
13:07:03.765 [main] DEBUG org.springframework.core.io.support.PathMatchingResourcePatternResolver - Resolved classpath location [it/] to resources [URL [file:/Users/carloventrella/Documents/Politecnico/Applicationi%20Internet/project/server/target/test-classes/it/], URL [file:/Users/carloventrella/Documents/Politecnico/Applicationi%20Internet/project/server/target/classes/it/]]
13:07:03.765 [main] DEBUG org.springframework.core.io.support.PathMatchingResourcePatternResolver - Looking for matching resources in directory tree [/Users/carloventrella/Documents/Politecnico/Applicationi Internet/project/server/target/test-classes/it]
13:07:03.765 [main] DEBUG org.springframework.core.io.support.PathMatchingResourcePatternResolver - Searching directory [/Users/carloventrella/Documents/Politecnico/Applicationi Internet/project/server/target/test-classes/it] for files matching pattern [/Users/carloventrella/Documents/Politecnico/Applicationi Internet/project/server/target/test-classes/it/*.class]
13:07:03.766 [main] DEBUG org.springframework.core.io.support.PathMatchingResourcePatternResolver - Looking for matching resources in directory tree [/Users/carloventrella/Documents/Politecnico/Applicationi Internet/project/server/target/classes/it]
13:07:03.766 [main] DEBUG org.springframework.core.io.support.PathMatchingResourcePatternResolver - Searching directory [/Users/carloventrella/Documents/Politecnico/Applicationi Internet/project/server/target/classes/it] for files matching pattern [/Users/carloventrella/Documents/Politecnico/Applicationi Internet/project/server/target/classes/it/*.class]
13:07:03.766 [main] DEBUG org.springframework.core.io.support.PathMatchingResourcePatternResolver - Resolved location pattern [classpath*:it/*.class] to resources []
]]></system-out>
  </testcase>
</testsuite>